#
# There is insufficient memory for the Java Runtime Environment to continue.
# Native memory allocation (malloc) failed to allocate 2097152 bytes for AllocateHeap
# Possible reasons:
#   The system is out of physical RAM or swap space
#   The process is running with CompressedOops enabled, and the Java Heap may be blocking the growth of the native heap
# Possible solutions:
#   Reduce memory load on the system
#   Increase physical memory or swap space
#   Check if swap backing store is full
#   Decrease Java heap size (-Xmx/-Xms)
#   Decrease number of Java threads
#   Decrease Java thread stack sizes (-Xss)
#   Set larger code cache with -XX:ReservedCodeCacheSize=
#   JVM is running with Zero Based Compressed Oops mode in which the Java heap is
#     placed in the first 32GB address space. The Java Heap base address is the
#     maximum limit for the native heap growth. Please use -XX:HeapBaseMinAddress
#     to set the Java Heap base and to place the Java Heap above 32GB virtual address.
# This output file may be truncated or incomplete.
#
#  Out of Memory Error (./open/src/hotspot/share/memory/allocation.cpp:46), pid=11552, tid=17664
#
# JRE version: Java(TM) SE Runtime Environment 18.9 (11.0.12+8) (build 11.0.12+8-LTS-237)
# Java VM: Java HotSpot(TM) 64-Bit Server VM 18.9 (11.0.12+8-LTS-237, mixed mode, tiered, compressed oops, g1 gc, windows-amd64)
# No core dump will be written. Minidumps are not enabled by default on client versions of Windows
#

---------------  S U M M A R Y ------------

Command Line: -Dmaven.multiModuleProjectDirectory=D:\learning\workspace\docker-mongo\docker-mongo -Dmaven.home=C:\Program Files\JetBrains\IntelliJ IDEA 2018.1.3\plugins\maven\lib\maven3 -Dclassworlds.conf=C:\Program Files\JetBrains\IntelliJ IDEA 2018.1.3\plugins\maven\lib\maven3\bin\m2.conf -Didea.launcher.port=55786 -Didea.launcher.bin.path=C:\Program Files\JetBrains\IntelliJ IDEA 2018.1.3\bin -Dfile.encoding=UTF-8 com.intellij.rt.execution.application.AppMainV2 org.codehaus.classworlds.Launcher -Didea.version=2018.1.3 clean package -f pom.xml

Host: AMD Ryzen 7 5700U with Radeon Graphics         , 16 cores, 13G,  Windows 10 , 64 bit Build 22621 (10.0.22621.1635)
Time: Fri May 12 23:17:17 2023 India Standard Time elapsed time: 5.368348 seconds (0d 0h 0m 5s)

---------------  T H R E A D  ---------------

Current thread (0x00000165e34e1000):  VMThread "VM Thread" [stack: 0x0000004f01f00000,0x0000004f02000000] [id=17664]

Stack: [0x0000004f01f00000,0x0000004f02000000]
[error occurred during error reporting (printing stack bounds), id 0xc0000005, EXCEPTION_ACCESS_VIOLATION (0xc0000005) at pc=0x00000165c7f20f2d]

Native frames: (J=compiled Java code, j=interpreted, Vv=VM code, C=native code)
V  [jvm.dll+0x617d9a]
V  [jvm.dll+0x74eeef]
V  [jvm.dll+0x750599]
V  [jvm.dll+0x750b85]
V  [jvm.dll+0x750b3b]
V  [jvm.dll+0x6175d3]
V  [jvm.dll+0x617998]
C  [ntdll.dll+0xa3cff]
C  [ntdll.dll+0x1e456]
C  [ntdll.dll+0xa2cee]
C  0x00000165c7f20f2d

VM_Operation (0x0000004f019fd670): G1CollectFull, mode: safepoint, requested by thread 0x00000165bfa62800


---------------  P R O C E S S  ---------------

Threads class SMR info:
_java_thread_list=0x00000165e79e7bf0, length=22, elements={
0x00000165bfa62800, 0x00000165e3503800, 0x00000165e3504000, 0x00000165e355d800,
0x00000165e355e800, 0x00000165e355f800, 0x00000165e3562000, 0x00000165e3563000,
0x00000165e3568800, 0x00000165e36df000, 0x00000165e3758000, 0x00000165e39d9800,
0x00000165e3ca5000, 0x00000165e3ca7000, 0x00000165e3f3c000, 0x00000165e3f3d800,
0x00000165e441b000, 0x00000165e7886000, 0x00000165e7887800, 0x00000165e7888800,
0x00000165e788a000, 0x00000165e7885800
}

Java Threads: ( => current thread )
  0x00000165bfa62800 JavaThread "main" [_thread_blocked, id=12228, stack(0x0000004f01900000,0x0000004f01a00000)]
  0x00000165e3503800 JavaThread "Reference Handler" daemon [_thread_blocked, id=4544, stack(0x0000004f02000000,0x0000004f02100000)]
  0x00000165e3504000 JavaThread "Finalizer" daemon [_thread_blocked, id=9704, stack(0x0000004f02100000,0x0000004f02200000)]
  0x00000165e355d800 JavaThread "Signal Dispatcher" daemon [_thread_blocked, id=2500, stack(0x0000004f02200000,0x0000004f02300000)]
  0x00000165e355e800 JavaThread "Attach Listener" daemon [_thread_blocked, id=5968, stack(0x0000004f02300000,0x0000004f02400000)]
  0x00000165e355f800 JavaThread "Service Thread" daemon [_thread_blocked, id=21976, stack(0x0000004f02400000,0x0000004f02500000)]
  0x00000165e3562000 JavaThread "C2 CompilerThread0" daemon [_thread_blocked, id=16840, stack(0x0000004f02500000,0x0000004f02600000)]
  0x00000165e3563000 JavaThread "C1 CompilerThread0" daemon [_thread_blocked, id=14448, stack(0x0000004f02600000,0x0000004f02700000)]
  0x00000165e3568800 JavaThread "Sweeper thread" daemon [_thread_blocked, id=20140, stack(0x0000004f02700000,0x0000004f02800000)]
  0x00000165e36df000 JavaThread "Common-Cleaner" daemon [_thread_blocked, id=17152, stack(0x0000004f02900000,0x0000004f02a00000)]
  0x00000165e3758000 JavaThread "Monitor Ctrl-Break" daemon [_thread_in_native, id=7980, stack(0x0000004f02a00000,0x0000004f02b00000)]
  0x00000165e39d9800 JavaThread "C1 CompilerThread1" daemon [_thread_blocked, id=20256, stack(0x0000004f02b00000,0x0000004f02c00000)]
  0x00000165e3ca5000 JavaThread "C1 CompilerThread2" daemon [_thread_blocked, id=21580, stack(0x0000004f02c00000,0x0000004f02d00000)]
  0x00000165e3ca7000 JavaThread "C1 CompilerThread3" daemon [_thread_blocked, id=14252, stack(0x0000004f02d00000,0x0000004f02e00000)]
  0x00000165e3f3c000 JavaThread "C2 CompilerThread1" daemon [_thread_blocked, id=12012, stack(0x0000004f02e00000,0x0000004f02f00000)]
  0x00000165e3f3d800 JavaThread "C2 CompilerThread2" daemon [_thread_blocked, id=15240, stack(0x0000004f02f00000,0x0000004f03000000)]
  0x00000165e441b000 JavaThread "C2 CompilerThread3" daemon [_thread_blocked, id=17780, stack(0x0000004f03000000,0x0000004f03100000)]
  0x00000165e7886000 JavaThread "resolver-1" daemon [_thread_blocked, id=18764, stack(0x0000004f03100000,0x0000004f03200000)]
  0x00000165e7887800 JavaThread "resolver-2" daemon [_thread_blocked, id=13136, stack(0x0000004f03800000,0x0000004f03900000)]
  0x00000165e7888800 JavaThread "resolver-3" daemon [_thread_blocked, id=21388, stack(0x0000004f03900000,0x0000004f03a00000)]
  0x00000165e788a000 JavaThread "resolver-4" daemon [_thread_blocked, id=12808, stack(0x0000004f03a00000,0x0000004f03b00000)]
  0x00000165e7885800 JavaThread "resolver-5" daemon [_thread_blocked, id=16704, stack(0x0000004f03b00000,0x0000004f03c00000)]

Other Threads:
=>0x00000165e34e1000 VMThread "VM Thread" [stack: 0x0000004f01f00000,0x0000004f02000000] [id=17664]
  0x00000165e36da000 WatcherThread [stack: 0x0000004f02800000,0x0000004f02900000] [id=4584]
  0x00000165bfa78800 GCTaskThread "GC Thread#0" [stack: 0x0000004f01a00000,0x0000004f01b00000] [id=7696]
  0x00000165e5105800 GCTaskThread "GC Thread#1" [stack: 0x0000004f03300000,0x0000004f03400000] [id=4036]
  0x00000165e5bc7000 GCTaskThread "GC Thread#2" [stack: 0x0000004f03400000,0x0000004f03500000] [id=17172]
  0x00000165e5bc7800 GCTaskThread "GC Thread#3" [stack: 0x0000004f03500000,0x0000004f03600000] [id=17560]
  0x00000165e5bc4000 GCTaskThread "GC Thread#4" [stack: 0x0000004f03600000,0x0000004f03700000] [id=22328]
  0x00000165e5bc5800 GCTaskThread "GC Thread#5" [stack: 0x0000004f03c00000,0x0000004f03d00000] [id=2656]
  0x00000165bfacb800 ConcurrentGCThread "G1 Main Marker" [stack: 0x0000004f01b00000,0x0000004f01c00000] [id=22192]
  0x00000165bface000 ConcurrentGCThread "G1 Conc#0" [stack: 0x0000004f01c00000,0x0000004f01d00000] [id=18876]
  0x00000165e5bc8000 ConcurrentGCThread "G1 Conc#1" [stack: 0x0000004f03200000,0x0000004f03300000] [id=18652]
  0x00000165e5bc3000 ConcurrentGCThread "G1 Conc#2" [stack: 0x0000004f03700000,0x0000004f03800000] [id=14352]
  0x00000165e2b44800 ConcurrentGCThread "G1 Refine#0" [stack: 0x0000004f01d00000,0x0000004f01e00000] [id=22292]
  0x00000165e2b47800 ConcurrentGCThread "G1 Young RemSet Sampling" [stack: 0x0000004f01e00000,0x0000004f01f00000] [id=19540]

Threads with active compile tasks:
C2 CompilerThread2   5373 6373       4       sun.nio.cs.UTF_8::updatePositions (23 bytes)

VM state:at safepoint (normal execution)

VM Mutex/Monitor currently owned by a thread:  ([mutex/lock_event])
[0x00000165bfa5e120] Threads_lock - owner thread: 0x00000165e34e1000
[0x00000165bfa5ddc0] Heap_lock - owner thread: 0x00000165bfa62800

Heap address: 0x0000000722200000, size: 3550 MB, Compressed Oops mode: Zero based, Oop shift amount: 3
Narrow klass base: 0x0000000800000000, Narrow klass shift: 0
Compressed class space size: 1073741824 Address: 0x0000000800000000

Heap:
 garbage-first heap   total 273408K, used 28306K [0x0000000722200000, 0x0000000800000000)
  region size 1024K, 7 young (7168K), 2 survivors (2048K)
 Metaspace       used 35560K, capacity 36344K, committed 36524K, reserved 1081344K
  class space    used 3734K, capacity 4028K, committed 4096K, reserved 1048576K
Heap Regions: E=young(eden), S=young(survivor), O=old, HS=humongous(starts), HC=humongous(continues), CS=collection set, F=free, A=archive, TAMS=top-at-mark-start (previous, next)
|   0|0x0000000722200000, 0x0000000722300000, 0x0000000722300000|100%| O|  |TAMS 0x0000000722300000, 0x0000000722200000| Untracked 
|   1|0x0000000722300000, 0x0000000722400000, 0x0000000722400000|100%| O|  |TAMS 0x0000000722400000, 0x0000000722300000| Untracked 
|   2|0x0000000722400000, 0x0000000722500000, 0x0000000722500000|100%| O|  |TAMS 0x0000000722500000, 0x0000000722400000| Untracked 
|   3|0x0000000722500000, 0x0000000722600000, 0x0000000722600000|100%| O|  |TAMS 0x0000000722600000, 0x0000000722500000| Untracked 
|   4|0x0000000722600000, 0x0000000722700000, 0x0000000722700000|100%| O|  |TAMS 0x0000000722700000, 0x0000000722600000| Untracked 
|   5|0x0000000722700000, 0x0000000722800000, 0x0000000722800000|100%| O|  |TAMS 0x0000000722800000, 0x0000000722700000| Untracked 
|   6|0x0000000722800000, 0x0000000722900000, 0x0000000722900000|100%| O|  |TAMS 0x0000000722900000, 0x0000000722800000| Untracked 
|   7|0x0000000722900000, 0x0000000722a00000, 0x0000000722a00000|100%| O|  |TAMS 0x0000000722a00000, 0x0000000722900000| Untracked 
|   8|0x0000000722a00000, 0x0000000722b00000, 0x0000000722b00000|100%| O|  |TAMS 0x0000000722b00000, 0x0000000722a00000| Untracked 
|   9|0x0000000722b00000, 0x0000000722c00000, 0x0000000722c00000|100%| O|  |TAMS 0x0000000722c00000, 0x0000000722b00000| Untracked 
|  10|0x0000000722c00000, 0x0000000722d00000, 0x0000000722d00000|100%| O|  |TAMS 0x0000000722d00000, 0x0000000722c00000| Untracked 
|  11|0x0000000722d00000, 0x0000000722e00000, 0x0000000722e00000|100%| O|  |TAMS 0x0000000722e00000, 0x0000000722d00000| Untracked 
|  12|0x0000000722e00000, 0x0000000722f00000, 0x0000000722f00000|100%| O|  |TAMS 0x0000000722f00000, 0x0000000722e00000| Untracked 
|  13|0x0000000722f00000, 0x0000000723000000, 0x0000000723000000|100%| O|  |TAMS 0x0000000723000000, 0x0000000722f00000| Untracked 
|  14|0x0000000723000000, 0x0000000723100000, 0x0000000723100000|100%| O|  |TAMS 0x0000000723100000, 0x0000000723000000| Untracked 
|  15|0x0000000723100000, 0x0000000723200000, 0x0000000723200000|100%| O|  |TAMS 0x0000000723200000, 0x0000000723100000| Untracked 
|  16|0x0000000723200000, 0x0000000723300000, 0x0000000723300000|100%| O|  |TAMS 0x0000000723300000, 0x0000000723200000| Untracked 
|  17|0x0000000723300000, 0x0000000723400000, 0x0000000723400000|100%| O|  |TAMS 0x0000000723400000, 0x0000000723300000| Untracked 
|  18|0x0000000723400000, 0x0000000723500000, 0x0000000723500000|100%| O|  |TAMS 0x0000000723500000, 0x0000000723400000| Untracked 
|  19|0x0000000723500000, 0x0000000723600000, 0x0000000723600000|100%| O|  |TAMS 0x0000000723600000, 0x0000000723500000| Untracked 
|  20|0x0000000723600000, 0x0000000723700000, 0x0000000723700000|100%| O|  |TAMS 0x0000000723700000, 0x0000000723600000| Untracked 
|  21|0x0000000723700000, 0x00000007237b9c00, 0x0000000723800000| 72%| O|  |TAMS 0x00000007237b9c00, 0x0000000723700000| Untracked 
|  22|0x0000000723800000, 0x0000000723800000, 0x0000000723900000|  0%| F|  |TAMS 0x0000000723800000, 0x0000000723800000| Untracked 
|  23|0x0000000723900000, 0x0000000723900000, 0x0000000723a00000|  0%| F|  |TAMS 0x0000000723900000, 0x0000000723900000| Untracked 
|  24|0x0000000723a00000, 0x0000000723a00000, 0x0000000723b00000|  0%| F|  |TAMS 0x0000000723a00000, 0x0000000723a00000| Untracked 
|  25|0x0000000723b00000, 0x0000000723b00000, 0x0000000723c00000|  0%| F|  |TAMS 0x0000000723b00000, 0x0000000723b00000| Untracked 
|  26|0x0000000723c00000, 0x0000000723c00000, 0x0000000723d00000|  0%| F|  |TAMS 0x0000000723c00000, 0x0000000723c00000| Untracked 
|  27|0x0000000723d00000, 0x0000000723d00000, 0x0000000723e00000|  0%| F|  |TAMS 0x0000000723d00000, 0x0000000723d00000| Untracked 
|  28|0x0000000723e00000, 0x0000000723e00000, 0x0000000723f00000|  0%| F|  |TAMS 0x0000000723e00000, 0x0000000723e00000| Untracked 
|  29|0x0000000723f00000, 0x0000000723f00000, 0x0000000724000000|  0%| F|  |TAMS 0x0000000723f00000, 0x0000000723f00000| Untracked 
|  30|0x0000000724000000, 0x0000000724000000, 0x0000000724100000|  0%| F|  |TAMS 0x0000000724000000, 0x0000000724000000| Untracked 
|  31|0x0000000724100000, 0x0000000724100000, 0x0000000724200000|  0%| F|  |TAMS 0x0000000724100000, 0x0000000724100000| Untracked 
|  32|0x0000000724200000, 0x0000000724200000, 0x0000000724300000|  0%| F|  |TAMS 0x0000000724200000, 0x0000000724200000| Untracked 
|  33|0x0000000724300000, 0x0000000724300000, 0x0000000724400000|  0%| F|  |TAMS 0x0000000724300000, 0x0000000724300000| Untracked 
|  34|0x0000000724400000, 0x0000000724400000, 0x0000000724500000|  0%| F|  |TAMS 0x0000000724400000, 0x0000000724400000| Untracked 
|  35|0x0000000724500000, 0x0000000724500000, 0x0000000724600000|  0%| F|  |TAMS 0x0000000724500000, 0x0000000724500000| Untracked 
|  36|0x0000000724600000, 0x0000000724600000, 0x0000000724700000|  0%| F|  |TAMS 0x0000000724600000, 0x0000000724600000| Untracked 
|  37|0x0000000724700000, 0x0000000724700000, 0x0000000724800000|  0%| F|  |TAMS 0x0000000724700000, 0x0000000724700000| Untracked 
|  38|0x0000000724800000, 0x0000000724800000, 0x0000000724900000|  0%| F|  |TAMS 0x0000000724800000, 0x0000000724800000| Untracked 
|  39|0x0000000724900000, 0x0000000724900000, 0x0000000724a00000|  0%| F|  |TAMS 0x0000000724900000, 0x0000000724900000| Untracked 
|  40|0x0000000724a00000, 0x0000000724a00000, 0x0000000724b00000|  0%| F|  |TAMS 0x0000000724a00000, 0x0000000724a00000| Untracked 
|  41|0x0000000724b00000, 0x0000000724b00000, 0x0000000724c00000|  0%| F|  |TAMS 0x0000000724b00000, 0x0000000724b00000| Untracked 
|  42|0x0000000724c00000, 0x0000000724c00000, 0x0000000724d00000|  0%| F|  |TAMS 0x0000000724c00000, 0x0000000724c00000| Untracked 
|  43|0x0000000724d00000, 0x0000000724d00000, 0x0000000724e00000|  0%| F|  |TAMS 0x0000000724d00000, 0x0000000724d00000| Untracked 
|  44|0x0000000724e00000, 0x0000000724e00000, 0x0000000724f00000|  0%| F|  |TAMS 0x0000000724e00000, 0x0000000724e00000| Untracked 
|  45|0x0000000724f00000, 0x0000000724f00000, 0x0000000725000000|  0%| F|  |TAMS 0x0000000724f00000, 0x0000000724f00000| Untracked 
|  46|0x0000000725000000, 0x0000000725000000, 0x0000000725100000|  0%| F|  |TAMS 0x0000000725000000, 0x0000000725000000| Untracked 
|  47|0x0000000725100000, 0x0000000725100000, 0x0000000725200000|  0%| F|  |TAMS 0x0000000725100000, 0x0000000725100000| Untracked 
|  48|0x0000000725200000, 0x0000000725200000, 0x0000000725300000|  0%| F|  |TAMS 0x0000000725200000, 0x0000000725200000| Untracked 
|  49|0x0000000725300000, 0x0000000725300000, 0x0000000725400000|  0%| F|  |TAMS 0x0000000725300000, 0x0000000725300000| Untracked 
|  50|0x0000000725400000, 0x0000000725400000, 0x0000000725500000|  0%| F|  |TAMS 0x0000000725400000, 0x0000000725400000| Untracked 
|  51|0x0000000725500000, 0x0000000725500000, 0x0000000725600000|  0%| F|  |TAMS 0x0000000725500000, 0x0000000725500000| Untracked 
|  52|0x0000000725600000, 0x0000000725600000, 0x0000000725700000|  0%| F|  |TAMS 0x0000000725600000, 0x0000000725600000| Untracked 
|  53|0x0000000725700000, 0x0000000725700000, 0x0000000725800000|  0%| F|  |TAMS 0x0000000725700000, 0x0000000725700000| Untracked 
|  54|0x0000000725800000, 0x0000000725800000, 0x0000000725900000|  0%| F|  |TAMS 0x0000000725800000, 0x0000000725800000| Untracked 
|  55|0x0000000725900000, 0x0000000725900000, 0x0000000725a00000|  0%| F|  |TAMS 0x0000000725900000, 0x0000000725900000| Untracked 
|  56|0x0000000725a00000, 0x0000000725a00000, 0x0000000725b00000|  0%| F|  |TAMS 0x0000000725a00000, 0x0000000725a00000| Untracked 
|  57|0x0000000725b00000, 0x0000000725b00000, 0x0000000725c00000|  0%| F|  |TAMS 0x0000000725b00000, 0x0000000725b00000| Untracked 
|  58|0x0000000725c00000, 0x0000000725c00000, 0x0000000725d00000|  0%| F|  |TAMS 0x0000000725c00000, 0x0000000725c00000| Untracked 
|  59|0x0000000725d00000, 0x0000000725d00000, 0x0000000725e00000|  0%| F|  |TAMS 0x0000000725d00000, 0x0000000725d00000| Untracked 
|  60|0x0000000725e00000, 0x0000000725e00000, 0x0000000725f00000|  0%| F|  |TAMS 0x0000000725e00000, 0x0000000725e00000| Untracked 
|  61|0x0000000725f00000, 0x0000000725f00000, 0x0000000726000000|  0%| F|  |TAMS 0x0000000725f00000, 0x0000000725f00000| Untracked 
|  62|0x0000000726000000, 0x0000000726000000, 0x0000000726100000|  0%| F|  |TAMS 0x0000000726000000, 0x0000000726000000| Untracked 
|  63|0x0000000726100000, 0x0000000726100000, 0x0000000726200000|  0%| F|  |TAMS 0x0000000726100000, 0x0000000726100000| Untracked 
|  64|0x0000000726200000, 0x0000000726200000, 0x0000000726300000|  0%| F|  |TAMS 0x0000000726200000, 0x0000000726200000| Untracked 
|  65|0x0000000726300000, 0x0000000726300000, 0x0000000726400000|  0%| F|  |TAMS 0x0000000726300000, 0x0000000726300000| Untracked 
|  66|0x0000000726400000, 0x0000000726400000, 0x0000000726500000|  0%| F|  |TAMS 0x0000000726400000, 0x0000000726400000| Untracked 
|  67|0x0000000726500000, 0x0000000726500000, 0x0000000726600000|  0%| F|  |TAMS 0x0000000726500000, 0x0000000726500000| Untracked 
|  68|0x0000000726600000, 0x0000000726600000, 0x0000000726700000|  0%| F|  |TAMS 0x0000000726600000, 0x0000000726600000| Untracked 
|  69|0x0000000726700000, 0x0000000726700000, 0x0000000726800000|  0%| F|  |TAMS 0x0000000726700000, 0x0000000726700000| Untracked 
|  70|0x0000000726800000, 0x0000000726800000, 0x0000000726900000|  0%| F|  |TAMS 0x0000000726800000, 0x0000000726800000| Untracked 
|  71|0x0000000726900000, 0x0000000726900000, 0x0000000726a00000|  0%| F|  |TAMS 0x0000000726900000, 0x0000000726900000| Untracked 
|  72|0x0000000726a00000, 0x0000000726a00000, 0x0000000726b00000|  0%| F|  |TAMS 0x0000000726a00000, 0x0000000726a00000| Untracked 
|  73|0x0000000726b00000, 0x0000000726b00000, 0x0000000726c00000|  0%| F|  |TAMS 0x0000000726b00000, 0x0000000726b00000| Untracked 
|  74|0x0000000726c00000, 0x0000000726c00000, 0x0000000726d00000|  0%| F|  |TAMS 0x0000000726c00000, 0x0000000726c00000| Untracked 
|  75|0x0000000726d00000, 0x0000000726d00000, 0x0000000726e00000|  0%| F|  |TAMS 0x0000000726d00000, 0x0000000726d00000| Untracked 
|  76|0x0000000726e00000, 0x0000000726e00000, 0x0000000726f00000|  0%| F|  |TAMS 0x0000000726e00000, 0x0000000726e00000| Untracked 
|  77|0x0000000726f00000, 0x0000000726f00000, 0x0000000727000000|  0%| F|  |TAMS 0x0000000726f00000, 0x0000000726f00000| Untracked 
|  78|0x0000000727000000, 0x0000000727000000, 0x0000000727100000|  0%| F|  |TAMS 0x0000000727000000, 0x0000000727000000| Untracked 
|  79|0x0000000727100000, 0x0000000727100000, 0x0000000727200000|  0%| F|  |TAMS 0x0000000727100000, 0x0000000727100000| Untracked 
|  80|0x0000000727200000, 0x0000000727200000, 0x0000000727300000|  0%| F|  |TAMS 0x0000000727200000, 0x0000000727200000| Untracked 
|  81|0x0000000727300000, 0x0000000727300000, 0x0000000727400000|  0%| F|  |TAMS 0x0000000727300000, 0x0000000727300000| Untracked 
|  82|0x0000000727400000, 0x0000000727400000, 0x0000000727500000|  0%| F|  |TAMS 0x0000000727400000, 0x0000000727400000| Untracked 
|  83|0x0000000727500000, 0x0000000727500000, 0x0000000727600000|  0%| F|  |TAMS 0x0000000727500000, 0x0000000727500000| Untracked 
|  84|0x0000000727600000, 0x0000000727600000, 0x0000000727700000|  0%| F|  |TAMS 0x0000000727600000, 0x0000000727600000| Untracked 
|  85|0x0000000727700000, 0x0000000727700000, 0x0000000727800000|  0%| F|  |TAMS 0x0000000727700000, 0x0000000727700000| Untracked 
|  86|0x0000000727800000, 0x0000000727800000, 0x0000000727900000|  0%| F|  |TAMS 0x0000000727800000, 0x0000000727800000| Untracked 
|  87|0x0000000727900000, 0x0000000727900000, 0x0000000727a00000|  0%| F|  |TAMS 0x0000000727900000, 0x0000000727900000| Untracked 
|  88|0x0000000727a00000, 0x0000000727a00000, 0x0000000727b00000|  0%| F|  |TAMS 0x0000000727a00000, 0x0000000727a00000| Untracked 
|  89|0x0000000727b00000, 0x0000000727b00000, 0x0000000727c00000|  0%| F|  |TAMS 0x0000000727b00000, 0x0000000727b00000| Untracked 
|  90|0x0000000727c00000, 0x0000000727c00000, 0x0000000727d00000|  0%| F|  |TAMS 0x0000000727c00000, 0x0000000727c00000| Untracked 
|  91|0x0000000727d00000, 0x0000000727d00000, 0x0000000727e00000|  0%| F|  |TAMS 0x0000000727d00000, 0x0000000727d00000| Untracked 
|  92|0x0000000727e00000, 0x0000000727e00000, 0x0000000727f00000|  0%| F|  |TAMS 0x0000000727e00000, 0x0000000727e00000| Untracked 
|  93|0x0000000727f00000, 0x0000000727f00000, 0x0000000728000000|  0%| F|  |TAMS 0x0000000727f00000, 0x0000000727f00000| Untracked 
|  94|0x0000000728000000, 0x0000000728000000, 0x0000000728100000|  0%| F|  |TAMS 0x0000000728000000, 0x0000000728000000| Untracked 
|  95|0x0000000728100000, 0x0000000728100000, 0x0000000728200000|  0%| F|  |TAMS 0x0000000728100000, 0x0000000728100000| Untracked 
|  96|0x0000000728200000, 0x0000000728200000, 0x0000000728300000|  0%| F|  |TAMS 0x0000000728200000, 0x0000000728200000| Untracked 
|  97|0x0000000728300000, 0x0000000728300000, 0x0000000728400000|  0%| F|  |TAMS 0x0000000728300000, 0x0000000728300000| Untracked 
|  98|0x0000000728400000, 0x0000000728400000, 0x0000000728500000|  0%| F|  |TAMS 0x0000000728400000, 0x0000000728400000| Untracked 
|  99|0x0000000728500000, 0x0000000728500000, 0x0000000728600000|  0%| F|  |TAMS 0x0000000728500000, 0x0000000728500000| Untracked 
| 100|0x0000000728600000, 0x0000000728600000, 0x0000000728700000|  0%| F|  |TAMS 0x0000000728600000, 0x0000000728600000| Untracked 
| 101|0x0000000728700000, 0x0000000728700000, 0x0000000728800000|  0%| F|  |TAMS 0x0000000728700000, 0x0000000728700000| Untracked 
| 102|0x0000000728800000, 0x0000000728800000, 0x0000000728900000|  0%| F|  |TAMS 0x0000000728800000, 0x0000000728800000| Untracked 
| 103|0x0000000728900000, 0x0000000728900000, 0x0000000728a00000|  0%| F|  |TAMS 0x0000000728900000, 0x0000000728900000| Untracked 
| 104|0x0000000728a00000, 0x0000000728a00000, 0x0000000728b00000|  0%| F|  |TAMS 0x0000000728a00000, 0x0000000728a00000| Untracked 
| 105|0x0000000728b00000, 0x0000000728b00000, 0x0000000728c00000|  0%| F|  |TAMS 0x0000000728b00000, 0x0000000728b00000| Untracked 
| 106|0x0000000728c00000, 0x0000000728c00000, 0x0000000728d00000|  0%| F|  |TAMS 0x0000000728c00000, 0x0000000728c00000| Untracked 
| 107|0x0000000728d00000, 0x0000000728d00000, 0x0000000728e00000|  0%| F|  |TAMS 0x0000000728d00000, 0x0000000728d00000| Untracked 
| 108|0x0000000728e00000, 0x0000000728e00000, 0x0000000728f00000|  0%| F|  |TAMS 0x0000000728e00000, 0x0000000728e00000| Untracked 
| 109|0x0000000728f00000, 0x0000000728f00000, 0x0000000729000000|  0%| F|  |TAMS 0x0000000728f00000, 0x0000000728f00000| Untracked 
| 110|0x0000000729000000, 0x0000000729000000, 0x0000000729100000|  0%| F|  |TAMS 0x0000000729000000, 0x0000000729000000| Untracked 
| 111|0x0000000729100000, 0x0000000729100000, 0x0000000729200000|  0%| F|  |TAMS 0x0000000729100000, 0x0000000729100000| Untracked 
| 112|0x0000000729200000, 0x0000000729200000, 0x0000000729300000|  0%| F|  |TAMS 0x0000000729200000, 0x0000000729200000| Untracked 
| 113|0x0000000729300000, 0x0000000729300000, 0x0000000729400000|  0%| F|  |TAMS 0x0000000729300000, 0x0000000729300000| Untracked 
| 114|0x0000000729400000, 0x0000000729400000, 0x0000000729500000|  0%| F|  |TAMS 0x0000000729400000, 0x0000000729400000| Untracked 
| 115|0x0000000729500000, 0x0000000729500000, 0x0000000729600000|  0%| F|  |TAMS 0x0000000729500000, 0x0000000729500000| Untracked 
| 116|0x0000000729600000, 0x0000000729600000, 0x0000000729700000|  0%| F|  |TAMS 0x0000000729600000, 0x0000000729600000| Untracked 
| 117|0x0000000729700000, 0x0000000729700000, 0x0000000729800000|  0%| F|  |TAMS 0x0000000729700000, 0x0000000729700000| Untracked 
| 118|0x0000000729800000, 0x0000000729800000, 0x0000000729900000|  0%| F|  |TAMS 0x0000000729800000, 0x0000000729800000| Untracked 
| 119|0x0000000729900000, 0x0000000729900000, 0x0000000729a00000|  0%| F|  |TAMS 0x0000000729900000, 0x0000000729900000| Untracked 
| 120|0x0000000729a00000, 0x0000000729a00000, 0x0000000729b00000|  0%| F|  |TAMS 0x0000000729a00000, 0x0000000729a00000| Untracked 
| 121|0x0000000729b00000, 0x0000000729b00000, 0x0000000729c00000|  0%| F|  |TAMS 0x0000000729b00000, 0x0000000729b00000| Untracked 
| 122|0x0000000729c00000, 0x0000000729c00000, 0x0000000729d00000|  0%| F|  |TAMS 0x0000000729c00000, 0x0000000729c00000| Untracked 
| 123|0x0000000729d00000, 0x0000000729d00000, 0x0000000729e00000|  0%| F|  |TAMS 0x0000000729d00000, 0x0000000729d00000| Untracked 
| 124|0x0000000729e00000, 0x0000000729e00000, 0x0000000729f00000|  0%| F|  |TAMS 0x0000000729e00000, 0x0000000729e00000| Untracked 
| 125|0x0000000729f00000, 0x0000000729f00000, 0x000000072a000000|  0%| F|  |TAMS 0x0000000729f00000, 0x0000000729f00000| Untracked 
| 126|0x000000072a000000, 0x000000072a000000, 0x000000072a100000|  0%| F|  |TAMS 0x000000072a000000, 0x000000072a000000| Untracked 
| 127|0x000000072a100000, 0x000000072a100000, 0x000000072a200000|  0%| F|  |TAMS 0x000000072a100000, 0x000000072a100000| Untracked 
| 128|0x000000072a200000, 0x000000072a200000, 0x000000072a300000|  0%| F|  |TAMS 0x000000072a200000, 0x000000072a200000| Untracked 
| 129|0x000000072a300000, 0x000000072a300000, 0x000000072a400000|  0%| F|  |TAMS 0x000000072a300000, 0x000000072a300000| Untracked 
| 130|0x000000072a400000, 0x000000072a400000, 0x000000072a500000|  0%| F|  |TAMS 0x000000072a400000, 0x000000072a400000| Untracked 
| 131|0x000000072a500000, 0x000000072a500000, 0x000000072a600000|  0%| F|  |TAMS 0x000000072a500000, 0x000000072a500000| Untracked 
| 132|0x000000072a600000, 0x000000072a600000, 0x000000072a700000|  0%| F|  |TAMS 0x000000072a600000, 0x000000072a600000| Untracked 
| 133|0x000000072a700000, 0x000000072a700000, 0x000000072a800000|  0%| F|  |TAMS 0x000000072a700000, 0x000000072a700000| Untracked 
| 134|0x000000072a800000, 0x000000072a800000, 0x000000072a900000|  0%| F|  |TAMS 0x000000072a800000, 0x000000072a800000| Untracked 
| 135|0x000000072a900000, 0x000000072a900000, 0x000000072aa00000|  0%| F|  |TAMS 0x000000072a900000, 0x000000072a900000| Untracked 
| 136|0x000000072aa00000, 0x000000072aa00000, 0x000000072ab00000|  0%| F|  |TAMS 0x000000072aa00000, 0x000000072aa00000| Untracked 
| 137|0x000000072ab00000, 0x000000072ab00000, 0x000000072ac00000|  0%| F|  |TAMS 0x000000072ab00000, 0x000000072ab00000| Untracked 
| 138|0x000000072ac00000, 0x000000072ac00000, 0x000000072ad00000|  0%| F|  |TAMS 0x000000072ac00000, 0x000000072ac00000| Untracked 
| 139|0x000000072ad00000, 0x000000072ad00000, 0x000000072ae00000|  0%| F|  |TAMS 0x000000072ad00000, 0x000000072ad00000| Untracked 
| 140|0x000000072ae00000, 0x000000072ae00000, 0x000000072af00000|  0%| F|  |TAMS 0x000000072ae00000, 0x000000072ae00000| Untracked 
| 141|0x000000072af00000, 0x000000072af00000, 0x000000072b000000|  0%| F|  |TAMS 0x000000072af00000, 0x000000072af00000| Untracked 
| 142|0x000000072b000000, 0x000000072b000000, 0x000000072b100000|  0%| F|  |TAMS 0x000000072b000000, 0x000000072b000000| Untracked 
| 143|0x000000072b100000, 0x000000072b100000, 0x000000072b200000|  0%| F|  |TAMS 0x000000072b100000, 0x000000072b100000| Untracked 
| 144|0x000000072b200000, 0x000000072b200000, 0x000000072b300000|  0%| F|  |TAMS 0x000000072b200000, 0x000000072b200000| Untracked 
| 145|0x000000072b300000, 0x000000072b300000, 0x000000072b400000|  0%| F|  |TAMS 0x000000072b300000, 0x000000072b300000| Untracked 
| 146|0x000000072b400000, 0x000000072b400000, 0x000000072b500000|  0%| F|  |TAMS 0x000000072b400000, 0x000000072b400000| Untracked 
| 147|0x000000072b500000, 0x000000072b500000, 0x000000072b600000|  0%| F|  |TAMS 0x000000072b500000, 0x000000072b500000| Untracked 
| 148|0x000000072b600000, 0x000000072b600000, 0x000000072b700000|  0%| F|  |TAMS 0x000000072b600000, 0x000000072b600000| Untracked 
| 149|0x000000072b700000, 0x000000072b700000, 0x000000072b800000|  0%| F|  |TAMS 0x000000072b700000, 0x000000072b700000| Untracked 
| 150|0x000000072b800000, 0x000000072b800000, 0x000000072b900000|  0%| F|  |TAMS 0x000000072b800000, 0x000000072b800000| Untracked 
| 151|0x000000072b900000, 0x000000072b900000, 0x000000072ba00000|  0%| F|  |TAMS 0x000000072b900000, 0x000000072b900000| Untracked 
| 152|0x000000072ba00000, 0x000000072ba00000, 0x000000072bb00000|  0%| F|  |TAMS 0x000000072ba00000, 0x000000072ba00000| Untracked 
| 153|0x000000072bb00000, 0x000000072bb00000, 0x000000072bc00000|  0%| F|  |TAMS 0x000000072bb00000, 0x000000072bb00000| Untracked 
| 154|0x000000072bc00000, 0x000000072bc00000, 0x000000072bd00000|  0%| F|  |TAMS 0x000000072bc00000, 0x000000072bc00000| Untracked 
| 155|0x000000072bd00000, 0x000000072bd00000, 0x000000072be00000|  0%| F|  |TAMS 0x000000072bd00000, 0x000000072bd00000| Untracked 
| 156|0x000000072be00000, 0x000000072be00000, 0x000000072bf00000|  0%| F|  |TAMS 0x000000072be00000, 0x000000072be00000| Untracked 
| 157|0x000000072bf00000, 0x000000072bf00000, 0x000000072c000000|  0%| F|  |TAMS 0x000000072bf00000, 0x000000072bf00000| Untracked 
| 158|0x000000072c000000, 0x000000072c000000, 0x000000072c100000|  0%| F|  |TAMS 0x000000072c000000, 0x000000072c000000| Untracked 
| 159|0x000000072c100000, 0x000000072c100000, 0x000000072c200000|  0%| F|  |TAMS 0x000000072c100000, 0x000000072c100000| Untracked 
| 160|0x000000072c200000, 0x000000072c200000, 0x000000072c300000|  0%| F|  |TAMS 0x000000072c200000, 0x000000072c200000| Untracked 
| 161|0x000000072c300000, 0x000000072c300000, 0x000000072c400000|  0%| F|  |TAMS 0x000000072c300000, 0x000000072c300000| Untracked 
| 162|0x000000072c400000, 0x000000072c400000, 0x000000072c500000|  0%| F|  |TAMS 0x000000072c400000, 0x000000072c400000| Untracked 
| 163|0x000000072c500000, 0x000000072c500000, 0x000000072c600000|  0%| F|  |TAMS 0x000000072c500000, 0x000000072c500000| Untracked 
| 164|0x000000072c600000, 0x000000072c600000, 0x000000072c700000|  0%| F|  |TAMS 0x000000072c600000, 0x000000072c600000| Untracked 
| 165|0x000000072c700000, 0x000000072c700000, 0x000000072c800000|  0%| F|  |TAMS 0x000000072c700000, 0x000000072c700000| Untracked 
| 166|0x000000072c800000, 0x000000072c800000, 0x000000072c900000|  0%| F|  |TAMS 0x000000072c800000, 0x000000072c800000| Untracked 
| 167|0x000000072c900000, 0x000000072c900000, 0x000000072ca00000|  0%| F|  |TAMS 0x000000072c900000, 0x000000072c900000| Untracked 
| 168|0x000000072ca00000, 0x000000072ca00000, 0x000000072cb00000|  0%| F|  |TAMS 0x000000072ca00000, 0x000000072ca00000| Untracked 
| 169|0x000000072cb00000, 0x000000072cb00000, 0x000000072cc00000|  0%| F|  |TAMS 0x000000072cb00000, 0x000000072cb00000| Untracked 
| 170|0x000000072cc00000, 0x000000072cc00000, 0x000000072cd00000|  0%| F|  |TAMS 0x000000072cc00000, 0x000000072cc00000| Untracked 
| 171|0x000000072cd00000, 0x000000072cd00000, 0x000000072ce00000|  0%| F|  |TAMS 0x000000072cd00000, 0x000000072cd00000| Untracked 
| 172|0x000000072ce00000, 0x000000072ce00000, 0x000000072cf00000|  0%| F|  |TAMS 0x000000072ce00000, 0x000000072ce00000| Untracked 
| 173|0x000000072cf00000, 0x000000072cf00000, 0x000000072d000000|  0%| F|  |TAMS 0x000000072cf00000, 0x000000072cf00000| Untracked 
| 174|0x000000072d000000, 0x000000072d000000, 0x000000072d100000|  0%| F|  |TAMS 0x000000072d000000, 0x000000072d000000| Untracked 
| 175|0x000000072d100000, 0x000000072d100000, 0x000000072d200000|  0%| F|  |TAMS 0x000000072d100000, 0x000000072d100000| Untracked 
| 176|0x000000072d200000, 0x000000072d200000, 0x000000072d300000|  0%| F|  |TAMS 0x000000072d200000, 0x000000072d200000| Untracked 
| 177|0x000000072d300000, 0x000000072d300000, 0x000000072d400000|  0%| F|  |TAMS 0x000000072d300000, 0x000000072d300000| Untracked 
| 178|0x000000072d400000, 0x000000072d400000, 0x000000072d500000|  0%| F|  |TAMS 0x000000072d400000, 0x000000072d400000| Untracked 
| 179|0x000000072d500000, 0x000000072d500000, 0x000000072d600000|  0%| F|  |TAMS 0x000000072d500000, 0x000000072d500000| Untracked 
| 180|0x000000072d600000, 0x000000072d600000, 0x000000072d700000|  0%| F|  |TAMS 0x000000072d600000, 0x000000072d600000| Untracked 
| 181|0x000000072d700000, 0x000000072d700000, 0x000000072d800000|  0%| F|  |TAMS 0x000000072d700000, 0x000000072d700000| Untracked 
| 182|0x000000072d800000, 0x000000072d8eacb0, 0x000000072d900000| 91%| S|CS|TAMS 0x000000072d800000, 0x000000072d800000| Complete 
| 183|0x000000072d900000, 0x000000072da00000, 0x000000072da00000|100%| S|CS|TAMS 0x000000072d900000, 0x000000072d900000| Complete 
| 184|0x000000072da00000, 0x000000072da00000, 0x000000072db00000|  0%| F|  |TAMS 0x000000072da00000, 0x000000072da00000| Untracked 
| 185|0x000000072db00000, 0x000000072db00000, 0x000000072dc00000|  0%| F|  |TAMS 0x000000072db00000, 0x000000072db00000| Untracked 
| 186|0x000000072dc00000, 0x000000072dc00000, 0x000000072dd00000|  0%| F|  |TAMS 0x000000072dc00000, 0x000000072dc00000| Untracked 
| 187|0x000000072dd00000, 0x000000072dd00000, 0x000000072de00000|  0%| F|  |TAMS 0x000000072dd00000, 0x000000072dd00000| Untracked 
| 188|0x000000072de00000, 0x000000072de00000, 0x000000072df00000|  0%| F|  |TAMS 0x000000072de00000, 0x000000072de00000| Untracked 
| 189|0x000000072df00000, 0x000000072df00000, 0x000000072e000000|  0%| F|  |TAMS 0x000000072df00000, 0x000000072df00000| Untracked 
| 190|0x000000072e000000, 0x000000072e000000, 0x000000072e100000|  0%| F|  |TAMS 0x000000072e000000, 0x000000072e000000| Untracked 
| 191|0x000000072e100000, 0x000000072e100000, 0x000000072e200000|  0%| F|  |TAMS 0x000000072e100000, 0x000000072e100000| Untracked 
| 192|0x000000072e200000, 0x000000072e200000, 0x000000072e300000|  0%| F|  |TAMS 0x000000072e200000, 0x000000072e200000| Untracked 
| 193|0x000000072e300000, 0x000000072e300000, 0x000000072e400000|  0%| F|  |TAMS 0x000000072e300000, 0x000000072e300000| Untracked 
| 194|0x000000072e400000, 0x000000072e400000, 0x000000072e500000|  0%| F|  |TAMS 0x000000072e400000, 0x000000072e400000| Untracked 
| 195|0x000000072e500000, 0x000000072e500000, 0x000000072e600000|  0%| F|  |TAMS 0x000000072e500000, 0x000000072e500000| Untracked 
| 196|0x000000072e600000, 0x000000072e600000, 0x000000072e700000|  0%| F|  |TAMS 0x000000072e600000, 0x000000072e600000| Untracked 
| 197|0x000000072e700000, 0x000000072e700000, 0x000000072e800000|  0%| F|  |TAMS 0x000000072e700000, 0x000000072e700000| Untracked 
| 198|0x000000072e800000, 0x000000072e800000, 0x000000072e900000|  0%| F|  |TAMS 0x000000072e800000, 0x000000072e800000| Untracked 
| 199|0x000000072e900000, 0x000000072e900000, 0x000000072ea00000|  0%| F|  |TAMS 0x000000072e900000, 0x000000072e900000| Untracked 
| 200|0x000000072ea00000, 0x000000072ea00000, 0x000000072eb00000|  0%| F|  |TAMS 0x000000072ea00000, 0x000000072ea00000| Untracked 
| 201|0x000000072eb00000, 0x000000072eb00000, 0x000000072ec00000|  0%| F|  |TAMS 0x000000072eb00000, 0x000000072eb00000| Untracked 
| 202|0x000000072ec00000, 0x000000072ec00000, 0x000000072ed00000|  0%| F|  |TAMS 0x000000072ec00000, 0x000000072ec00000| Untracked 
| 203|0x000000072ed00000, 0x000000072ed00000, 0x000000072ee00000|  0%| F|  |TAMS 0x000000072ed00000, 0x000000072ed00000| Untracked 
| 204|0x000000072ee00000, 0x000000072ee00000, 0x000000072ef00000|  0%| F|  |TAMS 0x000000072ee00000, 0x000000072ee00000| Untracked 
| 205|0x000000072ef00000, 0x000000072ef00000, 0x000000072f000000|  0%| F|  |TAMS 0x000000072ef00000, 0x000000072ef00000| Untracked 
| 206|0x000000072f000000, 0x000000072f000000, 0x000000072f100000|  0%| F|  |TAMS 0x000000072f000000, 0x000000072f000000| Untracked 
| 207|0x000000072f100000, 0x000000072f100000, 0x000000072f200000|  0%| F|  |TAMS 0x000000072f100000, 0x000000072f100000| Untracked 
| 208|0x000000072f200000, 0x000000072f200000, 0x000000072f300000|  0%| F|  |TAMS 0x000000072f200000, 0x000000072f200000| Untracked 
| 209|0x000000072f300000, 0x000000072f300000, 0x000000072f400000|  0%| F|  |TAMS 0x000000072f300000, 0x000000072f300000| Untracked 
| 210|0x000000072f400000, 0x000000072f400000, 0x000000072f500000|  0%| F|  |TAMS 0x000000072f400000, 0x000000072f400000| Untracked 
| 211|0x000000072f500000, 0x000000072f500000, 0x000000072f600000|  0%| F|  |TAMS 0x000000072f500000, 0x000000072f500000| Untracked 
| 212|0x000000072f600000, 0x000000072f600000, 0x000000072f700000|  0%| F|  |TAMS 0x000000072f600000, 0x000000072f600000| Untracked 
| 213|0x000000072f700000, 0x000000072f700000, 0x000000072f800000|  0%| F|  |TAMS 0x000000072f700000, 0x000000072f700000| Untracked 
| 214|0x000000072f800000, 0x000000072f800000, 0x000000072f900000|  0%| F|  |TAMS 0x000000072f800000, 0x000000072f800000| Untracked 
| 215|0x000000072f900000, 0x000000072f900000, 0x000000072fa00000|  0%| F|  |TAMS 0x000000072f900000, 0x000000072f900000| Untracked 
| 216|0x000000072fa00000, 0x000000072fa00000, 0x000000072fb00000|  0%| F|  |TAMS 0x000000072fa00000, 0x000000072fa00000| Untracked 
| 217|0x000000072fb00000, 0x000000072fb00000, 0x000000072fc00000|  0%| F|  |TAMS 0x000000072fb00000, 0x000000072fb00000| Untracked 
| 218|0x000000072fc00000, 0x000000072fc00000, 0x000000072fd00000|  0%| F|  |TAMS 0x000000072fc00000, 0x000000072fc00000| Untracked 
| 219|0x000000072fd00000, 0x000000072fd00000, 0x000000072fe00000|  0%| F|  |TAMS 0x000000072fd00000, 0x000000072fd00000| Untracked 
| 220|0x000000072fe00000, 0x000000072fe00000, 0x000000072ff00000|  0%| F|  |TAMS 0x000000072fe00000, 0x000000072fe00000| Untracked 
| 221|0x000000072ff00000, 0x000000072ff00000, 0x0000000730000000|  0%| F|  |TAMS 0x000000072ff00000, 0x000000072ff00000| Untracked 
| 222|0x0000000730000000, 0x0000000730000000, 0x0000000730100000|  0%| F|  |TAMS 0x0000000730000000, 0x0000000730000000| Untracked 
| 223|0x0000000730100000, 0x0000000730100000, 0x0000000730200000|  0%| F|  |TAMS 0x0000000730100000, 0x0000000730100000| Untracked 
| 224|0x0000000730200000, 0x0000000730200000, 0x0000000730300000|  0%| F|  |TAMS 0x0000000730200000, 0x0000000730200000| Untracked 
| 225|0x0000000730300000, 0x0000000730300000, 0x0000000730400000|  0%| F|  |TAMS 0x0000000730300000, 0x0000000730300000| Untracked 
| 226|0x0000000730400000, 0x0000000730400000, 0x0000000730500000|  0%| F|  |TAMS 0x0000000730400000, 0x0000000730400000| Untracked 
| 227|0x0000000730500000, 0x0000000730500000, 0x0000000730600000|  0%| F|  |TAMS 0x0000000730500000, 0x0000000730500000| Untracked 
| 228|0x0000000730600000, 0x0000000730600000, 0x0000000730700000|  0%| F|  |TAMS 0x0000000730600000, 0x0000000730600000| Untracked 
| 229|0x0000000730700000, 0x0000000730700000, 0x0000000730800000|  0%| F|  |TAMS 0x0000000730700000, 0x0000000730700000| Untracked 
| 230|0x0000000730800000, 0x0000000730800000, 0x0000000730900000|  0%| F|  |TAMS 0x0000000730800000, 0x0000000730800000| Untracked 
| 231|0x0000000730900000, 0x0000000730900000, 0x0000000730a00000|  0%| F|  |TAMS 0x0000000730900000, 0x0000000730900000| Untracked 
| 232|0x0000000730a00000, 0x0000000730a00000, 0x0000000730b00000|  0%| F|  |TAMS 0x0000000730a00000, 0x0000000730a00000| Untracked 
| 233|0x0000000730b00000, 0x0000000730b00000, 0x0000000730c00000|  0%| F|  |TAMS 0x0000000730b00000, 0x0000000730b00000| Untracked 
| 234|0x0000000730c00000, 0x0000000730c00000, 0x0000000730d00000|  0%| F|  |TAMS 0x0000000730c00000, 0x0000000730c00000| Untracked 
| 235|0x0000000730d00000, 0x0000000730d00000, 0x0000000730e00000|  0%| F|  |TAMS 0x0000000730d00000, 0x0000000730d00000| Untracked 
| 236|0x0000000730e00000, 0x0000000730e00000, 0x0000000730f00000|  0%| F|  |TAMS 0x0000000730e00000, 0x0000000730e00000| Untracked 
| 237|0x0000000730f00000, 0x0000000730f00000, 0x0000000731000000|  0%| F|  |TAMS 0x0000000730f00000, 0x0000000730f00000| Untracked 
| 238|0x0000000731000000, 0x0000000731000000, 0x0000000731100000|  0%| F|  |TAMS 0x0000000731000000, 0x0000000731000000| Untracked 
| 239|0x0000000731100000, 0x0000000731100000, 0x0000000731200000|  0%| F|  |TAMS 0x0000000731100000, 0x0000000731100000| Untracked 
| 240|0x0000000731200000, 0x0000000731200000, 0x0000000731300000|  0%| F|  |TAMS 0x0000000731200000, 0x0000000731200000| Untracked 
| 241|0x0000000731300000, 0x0000000731300000, 0x0000000731400000|  0%| F|  |TAMS 0x0000000731300000, 0x0000000731300000| Untracked 
| 242|0x0000000731400000, 0x0000000731400000, 0x0000000731500000|  0%| F|  |TAMS 0x0000000731400000, 0x0000000731400000| Untracked 
| 243|0x0000000731500000, 0x0000000731500000, 0x0000000731600000|  0%| F|  |TAMS 0x0000000731500000, 0x0000000731500000| Untracked 
| 244|0x0000000731600000, 0x0000000731600000, 0x0000000731700000|  0%| F|  |TAMS 0x0000000731600000, 0x0000000731600000| Untracked 
| 245|0x0000000731700000, 0x0000000731700000, 0x0000000731800000|  0%| F|  |TAMS 0x0000000731700000, 0x0000000731700000| Untracked 
| 246|0x0000000731800000, 0x0000000731800000, 0x0000000731900000|  0%| F|  |TAMS 0x0000000731800000, 0x0000000731800000| Untracked 
| 247|0x0000000731900000, 0x0000000731900000, 0x0000000731a00000|  0%| F|  |TAMS 0x0000000731900000, 0x0000000731900000| Untracked 
| 248|0x0000000731a00000, 0x0000000731a00000, 0x0000000731b00000|  0%| F|  |TAMS 0x0000000731a00000, 0x0000000731a00000| Untracked 
| 249|0x0000000731b00000, 0x0000000731b00000, 0x0000000731c00000|  0%| F|  |TAMS 0x0000000731b00000, 0x0000000731b00000| Untracked 
| 250|0x0000000731c00000, 0x0000000731c00000, 0x0000000731d00000|  0%| F|  |TAMS 0x0000000731c00000, 0x0000000731c00000| Untracked 
| 251|0x0000000731d00000, 0x0000000731d00000, 0x0000000731e00000|  0%| F|  |TAMS 0x0000000731d00000, 0x0000000731d00000| Untracked 
| 252|0x0000000731e00000, 0x0000000731e00000, 0x0000000731f00000|  0%| F|  |TAMS 0x0000000731e00000, 0x0000000731e00000| Untracked 
| 253|0x0000000731f00000, 0x0000000731f00000, 0x0000000732000000|  0%| F|  |TAMS 0x0000000731f00000, 0x0000000731f00000| Untracked 
| 254|0x0000000732000000, 0x0000000732000000, 0x0000000732100000|  0%| F|  |TAMS 0x0000000732000000, 0x0000000732000000| Untracked 
| 255|0x0000000732100000, 0x0000000732100000, 0x0000000732200000|  0%| F|  |TAMS 0x0000000732100000, 0x0000000732100000| Untracked 
| 256|0x0000000732200000, 0x0000000732200000, 0x0000000732300000|  0%| F|  |TAMS 0x0000000732200000, 0x0000000732200000| Untracked 
| 257|0x0000000732300000, 0x0000000732300000, 0x0000000732400000|  0%| F|  |TAMS 0x0000000732300000, 0x0000000732300000| Untracked 
| 258|0x0000000732400000, 0x0000000732400000, 0x0000000732500000|  0%| F|  |TAMS 0x0000000732400000, 0x0000000732400000| Untracked 
| 259|0x0000000732500000, 0x0000000732500000, 0x0000000732600000|  0%| F|  |TAMS 0x0000000732500000, 0x0000000732500000| Untracked 
| 260|0x0000000732600000, 0x0000000732600000, 0x0000000732700000|  0%| F|  |TAMS 0x0000000732600000, 0x0000000732600000| Untracked 
| 261|0x0000000732700000, 0x0000000732700000, 0x0000000732800000|  0%| F|  |TAMS 0x0000000732700000, 0x0000000732700000| Untracked 
| 262|0x0000000732800000, 0x00000007328e6318, 0x0000000732900000| 89%| E|  |TAMS 0x0000000732800000, 0x0000000732800000| Complete 
| 263|0x0000000732900000, 0x0000000732a00000, 0x0000000732a00000|100%| E|CS|TAMS 0x0000000732900000, 0x0000000732900000| Complete 
| 264|0x0000000732a00000, 0x0000000732b00000, 0x0000000732b00000|100%| E|CS|TAMS 0x0000000732a00000, 0x0000000732a00000| Complete 
| 265|0x0000000732b00000, 0x0000000732c00000, 0x0000000732c00000|100%| E|CS|TAMS 0x0000000732b00000, 0x0000000732b00000| Complete 
| 266|0x0000000732c00000, 0x0000000732d00000, 0x0000000732d00000|100%| E|CS|TAMS 0x0000000732c00000, 0x0000000732c00000| Complete 

Card table byte_map: [0x00000165d7e90000,0x00000165d8580000] _byte_map_base: 0x00000165d457f000

Marking Bits (Prev, Next): (CMBitMap*) 0x00000165bfabd088, (CMBitMap*) 0x00000165bfabd0c0
 Prev Bits: [0x00000165d8c70000, 0x00000165dc3e8000)
 Next Bits: [0x00000165dc3f0000, 0x00000165dfb68000)

Polling page: 0x00000165bda50000

Metaspace:

Usage:
  Non-class:     31.56 MB capacity,    31.08 MB ( 98%) used,   423.30 KB (  1%) free+waste,    66.38 KB ( <1%) overhead. 
      Class:      3.93 MB capacity,     3.65 MB ( 93%) used,   265.75 KB (  7%) free+waste,    28.19 KB ( <1%) overhead. 
       Both:     35.49 MB capacity,    34.73 MB ( 98%) used,   689.05 KB (  2%) free+waste,    94.56 KB ( <1%) overhead. 

Virtual space:
  Non-class space:       32.00 MB reserved,      31.67 MB ( 99%) committed 
      Class space:        1.00 GB reserved,       4.00 MB ( <1%) committed 
             Both:        1.03 GB reserved,      35.67 MB (  3%) committed 

Chunk freelists:
   Non-Class:  512 bytes
       Class:  512 bytes
        Both:  1.00 KB

CodeHeap 'non-profiled nmethods': size=119168Kb used=4109Kb max_used=4109Kb free=115058Kb
 bounds [0x00000165cfac0000, 0x00000165cfed0000, 0x00000165d6f20000]
CodeHeap 'profiled nmethods': size=119168Kb used=15473Kb max_used=15473Kb free=103694Kb
 bounds [0x00000165c8660000, 0x00000165c9580000, 0x00000165cfac0000]
CodeHeap 'non-nmethods': size=7424Kb used=2848Kb max_used=2892Kb free=4575Kb
 bounds [0x00000165c7f20000, 0x00000165c8200000, 0x00000165c8660000]
 total_blobs=6857 nmethods=6364 adapters=401
 compilation: enabled
              stopped_count=0, restarted_count=0
 full_count=0

Compilation events (10 events):
Event: 5.290 Thread 0x00000165e3ca7000 nmethod 6363 0x00000165c957a410 code [0x00000165c957a720, 0x00000165c957ba18]
Event: 5.293 Thread 0x00000165e441b000 nmethod 6353 0x00000165cfebf910 code [0x00000165cfebfb00, 0x00000165cfec1118]
Event: 5.294 Thread 0x00000165e3562000 nmethod 6360 0x00000165cfec1a10 code [0x00000165cfec1bc0, 0x00000165cfec22c8]
Event: 5.296 Thread 0x00000165e39d9800 6367       3       java.lang.invoke.MethodTypeForm::pack (54 bytes)
Event: 5.296 Thread 0x00000165e39d9800 nmethod 6367 0x00000165c957c310 code [0x00000165c957c4a0, 0x00000165c957c5b8]
Event: 5.300 Thread 0x00000165e3f3c000 6371       4       java.io.RandomAccessFile::readFully (45 bytes)
Event: 5.301 Thread 0x00000165e3f3c000 nmethod 6371 0x00000165cfec2e10 code [0x00000165cfec2fa0, 0x00000165cfec3068]
Event: 5.367 Thread 0x00000165e3563000 6372       1       org.apache.maven.plugin.descriptor.MojoDescriptor::getGoal (5 bytes)
Event: 5.367 Thread 0x00000165e3563000 nmethod 6372 0x00000165cfec3190 code [0x00000165cfec3320, 0x00000165cfec33d8]
Event: 5.367 Thread 0x00000165e3f3d800 6373       4       sun.nio.cs.UTF_8::updatePositions (23 bytes)

GC Heap History (10 events):
Event: 0.531 GC heap before
{Heap before GC invocations=0 (full 0):
 garbage-first heap   total 227328K, used 23552K [0x0000000722200000, 0x0000000800000000)
  region size 1024K, 24 young (24576K), 0 survivors (0K)
 Metaspace       used 12670K, capacity 12956K, committed 13184K, reserved 1060864K
  class space    used 1293K, capacity 1381K, committed 1408K, reserved 1048576K
}
Event: 0.537 GC heap after
{Heap after GC invocations=1 (full 0):
 garbage-first heap   total 227328K, used 3352K [0x0000000722200000, 0x0000000800000000)
  region size 1024K, 3 young (3072K), 3 survivors (3072K)
 Metaspace       used 12670K, capacity 12956K, committed 13184K, reserved 1060864K
  class space    used 1293K, capacity 1381K, committed 1408K, reserved 1048576K
}
Event: 1.777 GC heap before
{Heap before GC invocations=1 (full 0):
 garbage-first heap   total 227328K, used 97560K [0x0000000722200000, 0x0000000800000000)
  region size 1024K, 96 young (98304K), 3 survivors (3072K)
 Metaspace       used 20751K, capacity 21022K, committed 21248K, reserved 1069056K
  class space    used 2192K, capacity 2285K, committed 2304K, reserved 1048576K
}
Event: 1.795 GC heap after
{Heap after GC invocations=2 (full 0):
 garbage-first heap   total 227328K, used 11534K [0x0000000722200000, 0x0000000800000000)
  region size 1024K, 11 young (11264K), 11 survivors (11264K)
 Metaspace       used 20751K, capacity 21022K, committed 21248K, reserved 1069056K
  class space    used 2192K, capacity 2285K, committed 2304K, reserved 1048576K
}
Event: 3.397 GC heap before
{Heap before GC invocations=3 (full 0):
 garbage-first heap   total 227328K, used 108814K [0x0000000722200000, 0x0000000800000000)
  region size 1024K, 106 young (108544K), 11 survivors (11264K)
 Metaspace       used 30082K, capacity 30638K, committed 30848K, reserved 1077248K
  class space    used 3235K, capacity 3453K, committed 3456K, reserved 1048576K
}
Event: 3.412 GC heap after
{Heap after GC invocations=4 (full 0):
 garbage-first heap   total 227328K, used 21648K [0x0000000722200000, 0x0000000800000000)
  region size 1024K, 10 young (10240K), 10 survivors (10240K)
 Metaspace       used 30082K, capacity 30638K, committed 30848K, reserved 1077248K
  class space    used 3235K, capacity 3453K, committed 3456K, reserved 1048576K
}
Event: 4.745 GC heap before
{Heap before GC invocations=4 (full 0):
 garbage-first heap   total 227328K, used 126096K [0x0000000722200000, 0x0000000800000000)
  region size 1024K, 113 young (115712K), 10 survivors (10240K)
 Metaspace       used 33758K, capacity 34476K, committed 34688K, reserved 1079296K
  class space    used 3582K, capacity 3850K, committed 3968K, reserved 1048576K
}
Event: 4.760 GC heap after
{Heap after GC invocations=5 (full 0):
 garbage-first heap   total 227328K, used 33657K [0x0000000722200000, 0x0000000800000000)
  region size 1024K, 15 young (15360K), 15 survivors (15360K)
 Metaspace       used 33758K, capacity 34476K, committed 34688K, reserved 1079296K
  class space    used 3582K, capacity 3850K, committed 3968K, reserved 1048576K
}
Event: 5.215 GC heap before
{Heap before GC invocations=5 (full 0):
 garbage-first heap   total 227328K, used 71545K [0x0000000722200000, 0x0000000800000000)
  region size 1024K, 53 young (54272K), 15 survivors (15360K)
 Metaspace       used 34862K, capacity 35556K, committed 35628K, reserved 1081344K
  class space    used 3668K, capacity 3956K, committed 3968K, reserved 1048576K
}
Event: 5.221 GC heap after
{Heap after GC invocations=6 (full 0):
 garbage-first heap   total 273408K, used 24210K [0x0000000722200000, 0x0000000800000000)
  region size 1024K, 2 young (2048K), 2 survivors (2048K)
 Metaspace       used 34862K, capacity 35556K, committed 35628K, reserved 1081344K
  class space    used 3668K, capacity 3956K, committed 3968K, reserved 1048576K
}

Deoptimization events (10 events):
Event: 5.287 Thread 0x00000165bfa62800 Uncommon trap: reason=class_check action=maybe_recompile pc=0x00000165cfc629bc method=java.util.Collections$UnmodifiableMap$UnmodifiableEntrySet$1.next()Ljava/util/Map$Entry; @ 8 c2
Event: 5.287 Thread 0x00000165bfa62800 Uncommon trap: reason=class_check action=maybe_recompile pc=0x00000165cfc62f8c method=java.util.Collections$UnmodifiableMap$UnmodifiableEntrySet$UnmodifiableEntry.getKey()Ljava/lang/Object; @ 4 c2
Event: 5.287 Thread 0x00000165bfa62800 Uncommon trap: reason=class_check action=maybe_recompile pc=0x00000165cfc6328c method=java.util.Collections$UnmodifiableMap$UnmodifiableEntrySet$UnmodifiableEntry.getValue()Ljava/lang/Object; @ 4 c2
Event: 5.356 Thread 0x00000165bfa62800 Uncommon trap: reason=bimorphic_or_optimized_type_check action=maybe_recompile pc=0x00000165cfeb6080 method=java.lang.Throwable.<init>(Ljava/lang/String;Ljava/lang/Throwable;)V @ 24 c2
Event: 5.366 Thread 0x00000165bfa62800 Uncommon trap: reason=bimorphic_or_optimized_type_check action=maybe_recompile pc=0x00000165cfeb6080 method=java.lang.Throwable.<init>(Ljava/lang/String;Ljava/lang/Throwable;)V @ 24 c2
Event: 5.367 Thread 0x00000165bfa62800 Uncommon trap: reason=bimorphic_or_optimized_type_check action=maybe_recompile pc=0x00000165cfeb6080 method=java.lang.Throwable.<init>(Ljava/lang/String;Ljava/lang/Throwable;)V @ 24 c2
Event: 5.367 Thread 0x00000165bfa62800 Uncommon trap: reason=profile_predicate action=maybe_recompile pc=0x00000165cfe90f48 method=java.util.regex.Pattern$Start.match(Ljava/util/regex/Matcher;ILjava/lang/CharSequence;)Z @ 34 c2
Event: 5.367 Thread 0x00000165bfa62800 Uncommon trap: reason=profile_predicate action=maybe_recompile pc=0x00000165cfe90f48 method=java.util.regex.Pattern$Start.match(Ljava/util/regex/Matcher;ILjava/lang/CharSequence;)Z @ 34 c2
Event: 5.367 Thread 0x00000165bfa62800 Uncommon trap: reason=profile_predicate action=maybe_recompile pc=0x00000165cfe90f48 method=java.util.regex.Pattern$Start.match(Ljava/util/regex/Matcher;ILjava/lang/CharSequence;)Z @ 34 c2
Event: 5.367 Thread 0x00000165bfa62800 Uncommon trap: reason=profile_predicate action=maybe_recompile pc=0x00000165cfe90f48 method=java.util.regex.Pattern$Start.match(Ljava/util/regex/Matcher;ILjava/lang/CharSequence;)Z @ 34 c2

Classes redefined (0 events):
No events

Internal exceptions (10 events):
Event: 4.781 Thread 0x00000165bfa62800 Exception <a 'java/lang/NoSuchMethodError'{0x000000072fd64860}: org.apache.maven.execution.MavenExecutionRequest.getFailureBehavior()Ljava/lang/String;> (0x000000072fd64860) thrown at [./open/src/hotspot/share/interpreter/linkResolver.cpp, line 864]
Event: 4.783 Thread 0x00000165e6132000 Exception <a 'java/lang/NoSuchMethodError'{0x000000072ffc9c48}: java.lang.invoke.DirectMethodHandle$Holder.invokeStaticInit(Ljava/lang/Object;Ljava/lang/Object;JLjava/lang/Object;)Ljava/lang/Object;> (0x000000072ffc9c48) thrown at [./open/src/hotspot/shar
Event: 4.783 Thread 0x00000165e6132000 Exception <a 'java/lang/NoSuchMethodError'{0x000000072ffd5d68}: java.lang.invoke.Invokers$Holder.linkToTargetMethod(Ljava/lang/Object;JLjava/lang/Object;)Ljava/lang/Object;> (0x000000072ffd5d68) thrown at [./open/src/hotspot/share/interpreter/linkResolver
Event: 4.967 Thread 0x00000165bfa62800 Exception <a 'java/lang/NoSuchMethodError'{0x000000072fb31f68}: java.lang.invoke.DirectMethodHandle$Holder.invokeStaticInit(Ljava/lang/Object;Ljava/lang/Object;IIII)Ljava/lang/Object;> (0x000000072fb31f68) thrown at [./open/src/hotspot/share/interpreter/l
Event: 5.296 Thread 0x00000165bfa62800 Exception <a 'java/lang/NoSuchMethodError'{0x0000000732917940}: java.lang.invoke.DirectMethodHandle$Holder.invokeStatic(Ljava/lang/Object;J)V> (0x0000000732917940) thrown at [./open/src/hotspot/share/interpreter/linkResolver.cpp, line 772]
Event: 5.296 Thread 0x00000165bfa62800 Exception <a 'java/lang/NoSuchMethodError'{0x000000073291cb50}: java.lang.invoke.DirectMethodHandle$Holder.invokeStatic(Ljava/lang/Object;J)Ljava/lang/Object;> (0x000000073291cb50) thrown at [./open/src/hotspot/share/interpreter/linkResolver.cpp, line 772
Event: 5.297 Thread 0x00000165bfa62800 Exception <a 'java/lang/NoSuchMethodError'{0x000000073291fe78}: java.lang.invoke.DirectMethodHandle$Holder.invokeSpecial(Ljava/lang/Object;Ljava/lang/Object;J)Ljava/lang/Object;> (0x000000073291fe78) thrown at [./open/src/hotspot/share/interpreter/linkRes
Event: 5.297 Thread 0x00000165bfa62800 Exception <a 'java/lang/NoSuchMethodError'{0x0000000732922be0}: java.lang.invoke.Invokers$Holder.linkToTargetMethod(JLjava/lang/Object;)Ljava/lang/Object;> (0x0000000732922be0) thrown at [./open/src/hotspot/share/interpreter/linkResolver.cpp, line 772]
Event: 5.364 Thread 0x00000165bfa62800 Exception <a 'sun/nio/fs/WindowsException'{0x0000000732886e58}> (0x0000000732886e58) thrown at [./open/src/hotspot/share/prims/jni.cpp, line 611]
Event: 5.364 Thread 0x00000165bfa62800 Exception <a 'java/lang/reflect/InvocationTargetException'{0x0000000732887408}> (0x0000000732887408) thrown at [./open/src/hotspot/share/runtime/reflection.cpp, line 1242]

Events (10 events):
Event: 5.367 Thread 0x00000165bfa62800 Uncommon trap: trap_request=0xffffffbe fr.pc=0x00000165cfe90f48 relative=0x0000000000000928
Event: 5.367 Thread 0x00000165bfa62800 DEOPT PACKING pc=0x00000165cfe90f48 sp=0x0000004f019fd4e0
Event: 5.367 Thread 0x00000165bfa62800 DEOPT UNPACKING pc=0x00000165c7f468af sp=0x0000004f019fd450 mode 2
Event: 5.367 Thread 0x00000165bfa62800 Uncommon trap: trap_request=0xffffffbe fr.pc=0x00000165cfe90f48 relative=0x0000000000000928
Event: 5.367 Thread 0x00000165bfa62800 DEOPT PACKING pc=0x00000165cfe90f48 sp=0x0000004f019fd4e0
Event: 5.367 Thread 0x00000165bfa62800 DEOPT UNPACKING pc=0x00000165c7f468af sp=0x0000004f019fd450 mode 2
Event: 5.367 Thread 0x00000165bfa62800 Uncommon trap: trap_request=0xffffffbe fr.pc=0x00000165cfe90f48 relative=0x0000000000000928
Event: 5.367 Thread 0x00000165bfa62800 DEOPT PACKING pc=0x00000165cfe90f48 sp=0x0000004f019fd500
Event: 5.367 Thread 0x00000165bfa62800 DEOPT UNPACKING pc=0x00000165c7f468af sp=0x0000004f019fd470 mode 2
Event: 5.367 Executing VM operation: G1CollectFull


Dynamic libraries:
0x00007ff7efa90000 - 0x00007ff7efa9f000 	C:\Program Files\Java\jdk-11.0.12\bin\java.exe
0x00007fffa15d0000 - 0x00007fffa17e4000 	C:\WINDOWS\SYSTEM32\ntdll.dll
0x00007fff9f5f0000 - 0x00007fff9f6b2000 	C:\WINDOWS\System32\KERNEL32.DLL
0x00007fff9ee10000 - 0x00007fff9f1b3000 	C:\WINDOWS\System32\KERNELBASE.dll
0x00007fff9ea60000 - 0x00007fff9eb71000 	C:\WINDOWS\System32\ucrtbase.dll
0x00007fff99510000 - 0x00007fff99528000 	C:\Program Files\Java\jdk-11.0.12\bin\jli.dll
0x00007fff99300000 - 0x00007fff99315000 	C:\Program Files\Java\jdk-11.0.12\bin\VCRUNTIME140.dll
0x00007fffa1090000 - 0x00007fffa113e000 	C:\WINDOWS\System32\ADVAPI32.dll
0x00007fff9f7c0000 - 0x00007fff9f867000 	C:\WINDOWS\System32\msvcrt.dll
0x00007fffa0070000 - 0x00007fffa0114000 	C:\WINDOWS\System32\sechost.dll
0x00007fffa0940000 - 0x00007fffa0a57000 	C:\WINDOWS\System32\RPCRT4.dll
0x00007fffa04b0000 - 0x00007fffa065b000 	C:\WINDOWS\System32\USER32.dll
0x00007fff9ecc0000 - 0x00007fff9ece6000 	C:\WINDOWS\System32\win32u.dll
0x00007fff9f3d0000 - 0x00007fff9f3f9000 	C:\WINDOWS\System32\GDI32.dll
0x00007fff9ecf0000 - 0x00007fff9ee08000 	C:\WINDOWS\System32\gdi32full.dll
0x00007fff83c00000 - 0x00007fff83e8e000 	C:\WINDOWS\WinSxS\amd64_microsoft.windows.common-controls_6595b64144ccf1df_6.0.22621.1635_none_270f70857386168e\COMCTL32.dll
0x00007fff9f330000 - 0x00007fff9f3ca000 	C:\WINDOWS\System32\msvcp_win.dll
0x00007fff9d690000 - 0x00007fff9d69a000 	C:\WINDOWS\SYSTEM32\VERSION.dll
0x00007fff9f400000 - 0x00007fff9f431000 	C:\WINDOWS\System32\IMM32.DLL
0x00007fff88ba0000 - 0x00007fff88c3b000 	C:\Program Files\Java\jdk-11.0.12\bin\msvcp140.dll
0x00007fff65940000 - 0x00007fff6643f000 	C:\Program Files\Java\jdk-11.0.12\bin\server\jvm.dll
0x00007fffa0c00000 - 0x00007fffa0c08000 	C:\WINDOWS\System32\PSAPI.DLL
0x00007fff992c0000 - 0x00007fff992c9000 	C:\WINDOWS\SYSTEM32\WSOCK32.dll
0x00007fff9c0b0000 - 0x00007fff9c0e4000 	C:\WINDOWS\SYSTEM32\WINMM.dll
0x00007fffa0a60000 - 0x00007fffa0ad1000 	C:\WINDOWS\System32\WS2_32.dll
0x00007fff9db00000 - 0x00007fff9db18000 	C:\WINDOWS\SYSTEM32\kernel.appcore.dll
0x00007fff9afa0000 - 0x00007fff9afb0000 	C:\Program Files\Java\jdk-11.0.12\bin\verify.dll
0x00007fff9be80000 - 0x00007fff9c0ae000 	C:\WINDOWS\SYSTEM32\DBGHELP.DLL
0x00007fffa0120000 - 0x00007fffa04a9000 	C:\WINDOWS\System32\combase.dll
0x00007fffa1220000 - 0x00007fffa12f7000 	C:\WINDOWS\System32\OLEAUT32.dll
0x00007fff9c0f0000 - 0x00007fff9c122000 	C:\WINDOWS\SYSTEM32\dbgcore.DLL
0x00007fff9eb80000 - 0x00007fff9ebfb000 	C:\WINDOWS\System32\bcryptPrimitives.dll
0x00007fff8e110000 - 0x00007fff8e138000 	C:\Program Files\Java\jdk-11.0.12\bin\java.dll
0x00007fff99500000 - 0x00007fff9950a000 	C:\Program Files\Java\jdk-11.0.12\bin\jimage.dll
0x00007fff8e4b0000 - 0x00007fff8e4c6000 	C:\Program Files\Java\jdk-11.0.12\bin\zip.dll
0x00007fff9f870000 - 0x00007fffa006a000 	C:\WINDOWS\System32\SHELL32.dll
0x00007fff9c6e0000 - 0x00007fff9cfae000 	C:\WINDOWS\SYSTEM32\windows.storage.dll
0x00007fff9c5a0000 - 0x00007fff9c6de000 	C:\WINDOWS\SYSTEM32\wintypes.dll
0x00007fff9f490000 - 0x00007fff9f581000 	C:\WINDOWS\System32\SHCORE.dll
0x00007fff9f590000 - 0x00007fff9f5ee000 	C:\WINDOWS\System32\shlwapi.dll
0x00007fff9e920000 - 0x00007fff9e941000 	C:\WINDOWS\SYSTEM32\profapi.dll
0x00007fff8dc80000 - 0x00007fff8dc99000 	C:\Program Files\Java\jdk-11.0.12\bin\net.dll
0x00007fff95f70000 - 0x00007fff960a7000 	C:\WINDOWS\SYSTEM32\WINHTTP.dll
0x00007fff9df80000 - 0x00007fff9dfe9000 	C:\WINDOWS\system32\mswsock.dll
0x00007fff8dc60000 - 0x00007fff8dc72000 	C:\Program Files\Java\jdk-11.0.12\bin\nio.dll
0x00007fff835f0000 - 0x00007fff8360a000 	C:\Program Files\JetBrains\IntelliJ IDEA 2018.1.3\bin\breakgen64.dll
0x00007fff9e200000 - 0x00007fff9e21b000 	C:\WINDOWS\SYSTEM32\CRYPTSP.dll
0x00007fff9da60000 - 0x00007fff9da95000 	C:\WINDOWS\system32\rsaenh.dll
0x00007fff9e0a0000 - 0x00007fff9e0c8000 	C:\WINDOWS\SYSTEM32\USERENV.dll
0x00007fff9e3c0000 - 0x00007fff9e3e8000 	C:\WINDOWS\SYSTEM32\bcrypt.dll
0x00007fff9e220000 - 0x00007fff9e22c000 	C:\WINDOWS\SYSTEM32\CRYPTBASE.dll
0x00007fff9d270000 - 0x00007fff9d29d000 	C:\WINDOWS\SYSTEM32\IPHLPAPI.DLL
0x00007fffa0810000 - 0x00007fffa0819000 	C:\WINDOWS\System32\NSI.dll
0x00007fff95d30000 - 0x00007fff95d49000 	C:\WINDOWS\SYSTEM32\dhcpcsvc6.DLL
0x00007fff95d10000 - 0x00007fff95d2f000 	C:\WINDOWS\SYSTEM32\dhcpcsvc.DLL
0x00007fff9d2e0000 - 0x00007fff9d3d3000 	C:\WINDOWS\SYSTEM32\DNSAPI.dll

dbghelp: loaded successfully - version: 4.0.5 - missing functions: none
symbol engine: initialized successfully - sym options: 0x614 - pdb path: .;C:\Program Files\Java\jdk-11.0.12\bin;C:\WINDOWS\SYSTEM32;C:\WINDOWS\WinSxS\amd64_microsoft.windows.common-controls_6595b64144ccf1df_6.0.22621.1635_none_270f70857386168e;C:\Program Files\Java\jdk-11.0.12\bin\server;C:\Program Files\JetBrains\IntelliJ IDEA 2018.1.3\bin

VM Arguments:
jvm_args: -Dmaven.multiModuleProjectDirectory=D:\learning\workspace\docker-mongo\docker-mongo -Dmaven.home=C:\Program Files\JetBrains\IntelliJ IDEA 2018.1.3\plugins\maven\lib\maven3 -Dclassworlds.conf=C:\Program Files\JetBrains\IntelliJ IDEA 2018.1.3\plugins\maven\lib\maven3\bin\m2.conf -Didea.launcher.port=55786 -Didea.launcher.bin.path=C:\Program Files\JetBrains\IntelliJ IDEA 2018.1.3\bin -Dfile.encoding=UTF-8 
java_command: com.intellij.rt.execution.application.AppMainV2 org.codehaus.classworlds.Launcher -Didea.version=2018.1.3 clean package -f pom.xml
java_class_path (initial): C:\Program Files\JetBrains\IntelliJ IDEA 2018.1.3\plugins\maven\lib\maven3\boot\plexus-classworlds-2.5.2.jar;C:\Program Files\JetBrains\IntelliJ IDEA 2018.1.3\lib\idea_rt.jar
Launcher Type: SUN_STANDARD

[Global flags]
     intx CICompilerCount                          = 12                                        {product} {ergonomic}
     uint ConcGCThreads                            = 3                                         {product} {ergonomic}
     uint G1ConcRefinementThreads                  = 13                                        {product} {ergonomic}
   size_t G1HeapRegionSize                         = 1048576                                   {product} {ergonomic}
    uintx GCDrainStackTargetSize                   = 64                                        {product} {ergonomic}
   size_t InitialHeapSize                          = 232783872                                 {product} {ergonomic}
   size_t MarkStackSize                            = 4194304                                   {product} {ergonomic}
   size_t MaxHeapSize                              = 3722444800                                {product} {ergonomic}
   size_t MaxNewSize                               = 2233466880                                {product} {ergonomic}
   size_t MinHeapDeltaBytes                        = 1048576                                   {product} {ergonomic}
    uintx NonNMethodCodeHeapSize                   = 7594288                                {pd product} {ergonomic}
    uintx NonProfiledCodeHeapSize                  = 122031976                              {pd product} {ergonomic}
    uintx ProfiledCodeHeapSize                     = 122031976                              {pd product} {ergonomic}
    uintx ReservedCodeCacheSize                    = 251658240                              {pd product} {ergonomic}
     bool SegmentedCodeCache                       = true                                      {product} {ergonomic}
     bool UseCompressedClassPointers               = true                                 {lp64_product} {ergonomic}
     bool UseCompressedOops                        = true                                 {lp64_product} {ergonomic}
     bool UseG1GC                                  = true                                      {product} {ergonomic}
     bool UseLargePagesIndividualAllocation        = false                                  {pd product} {ergonomic}

Logging:
Log output configuration:
 #0: stdout all=warning uptime,level,tags
 #1: stderr all=off uptime,level,tags

Environment Variables:
JAVA_HOME=C:\Program Files\Java\jdk-11.0.12
PATH=C:\Program Files\Java\jdk-11.0.12\bin;C:\WINDOWS\system32;C:\WINDOWS;C:\WINDOWS\System32\Wbem;C:\WINDOWS\System32\WindowsPowerShell\v1.0\;C:\WINDOWS\System32\OpenSSH\;D:\learning\tool\apache-maven-3.8.3\bin;C:\Program Files\Git\cmd;C:\Program Files (x86)\dotnet\;C:\Program Files\dotnet\;D:\learning\tool\groovy-4.0.11\bin;;C:\Program Files\Docker\Docker\resources\bin;C:\Users\Ashis\AppData\Local\Microsoft\WindowsApps;;C:\Users\Ashis\AppData\Local\Programs\Microsoft VS Code\bin
USERNAME=Ashis
OS=Windows_NT
PROCESSOR_IDENTIFIER=AMD64 Family 23 Model 104 Stepping 1, AuthenticAMD



---------------  S Y S T E M  ---------------

OS: Windows 10 , 64 bit Build 22621 (10.0.22621.1635)
Hyper-V role detected

CPU:total 16 (initial active 16) (16 cores per cpu, 2 threads per core) family 23 model 104 stepping 1 microcode 0x0, cmov, cx8, fxsr, mmx, sse, sse2, sse3, ssse3, sse4.1, sse4.2, popcnt, avx, avx2, aes, clmul, mmxext, 3dnowpref, lzcnt, sse4a, ht, tsc, tscinvbit, tscinv, bmi1, bmi2, adx,

Memory: 4k page, system-wide physical 14197M (1018M free)
TotalPageFile size 18293M (AvailPageFile size 5M)
current process WorkingSet (physical memory assigned to process): 284M, peak: 322M
current process commit charge ("private bytes"): 454M, peak: 456M

vm_info: Java HotSpot(TM) 64-Bit Server VM (11.0.12+8-LTS-237) for windows-amd64 JRE (11.0.12+8-LTS-237), built on Jun  8 2021 11:25:59 by "mach5one" with MS VC++ 15.9 (VS2017)

END.
